<?xml version="1.0" encoding="UTF-8"?>
<testng-results ignored="0" total="2" passed="2" failed="0" skipped="0">
  <reporter-output>
  </reporter-output>
  <suite started-at="2023-04-21T12:48:55 IST" name="All Test Suite" finished-at="2023-04-21T12:49:28 IST" duration-ms="33155">
    <groups>
    </groups>
    <test started-at="2023-04-21T12:48:55 IST" name="C:/java epam/testproject2/src/test/java/org/example/AppTest.java" finished-at="2023-04-21T12:49:28 IST" duration-ms="33155">
      <class name="org.example.AppTest">
        <test-method signature="Dropdown()[pri:0, instance:org.example.AppTest@10e41621]" started-at="2023-04-21T12:48:55 IST" name="Dropdown" finished-at="2023-04-21T12:49:20 IST" duration-ms="25335" status="PASS">
          <reporter-output>
          </reporter-output>
        </test-method> <!-- Dropdown -->
        <test-method signature="dropdown()[pri:0, instance:org.example.AppTest@10e41621]" started-at="2023-04-21T12:49:20 IST" name="dropdown" finished-at="2023-04-21T12:49:28 IST" duration-ms="7706" status="PASS">
          <reporter-output>
          </reporter-output>
        </test-method> <!-- dropdown -->
      </class> <!-- org.example.AppTest -->
    </test> <!-- C:/java epam/testproject2/src/test/java/org/example/AppTest.java -->
  </suite> <!-- All Test Suite -->
</testng-results>
